"2019-06-12 14:50:02 [kafka-coordinator-heartbeat-thread | group_json1] INFO  o.a.k.c.c.i.AbstractCoordinator - [Consumer clientId=consumer-6, groupId=group_json1] Group coordinator INCN-TL-LP005.uaeexchange.org:9092 (id: 2147483647 rack: null) is unavailable or invalid, will attempt rediscovery
""2019-06-12 14:50:02 [kafka-coordinator-heartbeat-thread | group_id] INFO  o.a.k.c.c.i.AbstractCoordinator - [Consumer clientId=consumer-4, groupId=group_id] Group coordinator INCN-TL-LP005.uaeexchange.org:9092 (id: 2147483647 rack: null) is unavailable or invalid, will attempt rediscovery
""2019-06-12 14:50:02 [kafka-coordinator-heartbeat-thread | group_json] INFO  o.a.k.c.c.i.AbstractCoordinator - [Consumer clientId=consumer-2, groupId=group_json] Group coordinator INCN-TL-LP005.uaeexchange.org:9092 (id: 2147483647 rack: null) is unavailable or invalid, will attempt rediscovery
""2019-06-12 14:50:02 [org.springframework.kafka.KafkaListenerEndpointContainer#0-0-C-1] INFO  o.a.k.clients.FetchSessionHandler - [Consumer clientId=consumer-4, groupId=group_id] Error sending fetch request (sessionId=636850654, epoch=160) to node 0: org.apache.kafka.common.errors.DisconnectException.
""2019-06-12 14:50:02 [org.springframework.kafka.KafkaListenerEndpointContainer#1-0-C-1] INFO  o.a.k.clients.FetchSessionHandler - [Consumer clientId=consumer-6, groupId=group_json1] Error sending fetch request (sessionId=708283221, epoch=161) to node 0: org.apache.kafka.common.errors.DisconnectException.
""2019-06-12 14:50:02 [org.springframework.kafka.KafkaListenerEndpointContainer#2-0-C-1] INFO  o.a.k.clients.FetchSessionHandler - [Consumer clientId=consumer-2, groupId=group_json] Error sending fetch request (sessionId=122879070, epoch=161) to node 0: org.apache.kafka.common.errors.DisconnectException.
""2019-06-12 14:50:05 [org.springframework.kafka.KafkaListenerEndpointContainer#1-0-C-1] INFO  o.a.k.c.c.i.AbstractCoordinator - [Consumer clientId=consumer-6, groupId=group_json1] Discovered group coordinator INCN-TL-LP005.uaeexchange.org:9092 (id: 2147483647 rack: null)
""2019-06-12 14:50:05 [org.springframework.kafka.KafkaListenerEndpointContainer#0-0-C-1] INFO  o.a.k.c.c.i.AbstractCoordinator - [Consumer clientId=consumer-4, groupId=group_id] Discovered group coordinator INCN-TL-LP005.uaeexchange.org:9092 (id: 2147483647 rack: null)
""2019-06-12 14:50:05 [org.springframework.kafka.KafkaListenerEndpointContainer#2-0-C-1] INFO  o.a.k.c.c.i.AbstractCoordinator - [Consumer clientId=consumer-2, groupId=group_json] Discovered group coordinator INCN-TL-LP005.uaeexchange.org:9092 (id: 2147483647 rack: null)
""2019-06-12 14:50:05 [org.springframework.kafka.KafkaListenerEndpointContainer#0-0-C-1] ERROR o.a.k.c.c.i.ConsumerCoordinator - [Consumer clientId=consumer-4, groupId=group_id] Offset commit failed on partition Kafka_Example-0 at offset 0: The coordinator is not aware of this member.
""2019-06-12 14:50:05 [org.springframework.kafka.KafkaListenerEndpointContainer#1-0-C-1] ERROR o.a.k.c.c.i.ConsumerCoordinator - [Consumer clientId=consumer-6, groupId=group_json1] Offset commit failed on partition Kafka_Example_json-0 at offset 1: The coordinator is not aware of this member.
""2019-06-12 14:50:05 [org.springframework.kafka.KafkaListenerEndpointContainer#2-0-C-1] ERROR o.a.k.c.c.i.ConsumerCoordinator - [Consumer clientId=consumer-2, groupId=group_json] Offset commit failed on partition Kafka_Example_json-0 at offset 1: The coordinator is not aware of this member.
""2019-06-12 14:50:05 [org.springframework.kafka.KafkaListenerEndpointContainer#0-0-C-1] WARN  o.a.k.c.c.i.ConsumerCoordinator - [Consumer clientId=consumer-4, groupId=group_id] Asynchronous auto-commit of offsets {Kafka_Example-0=OffsetAndMetadata{offset=0, metadata=''}} failed: Commit cannot be completed since the group has already rebalanced and assigned the partitions to another member. This means that the time between subsequent calls to poll() was longer than the configured max.poll.interval.ms, which typically implies that the poll loop is spending too much time message processing. You can address this either by increasing the session timeout or by reducing the maximum size of batches returned in poll() with max.poll.records.
""2019-06-12 14:50:05 [org.springframework.kafka.KafkaListenerEndpointContainer#1-0-C-1] WARN  o.a.k.c.c.i.ConsumerCoordinator - [Consumer clientId=consumer-6, groupId=group_json1] Asynchronous auto-commit of offsets {Kafka_Example_json-0=OffsetAndMetadata{offset=1, metadata=''}} failed: Commit cannot be completed since the group has already rebalanced and assigned the partitions to another member. This means that the time between subsequent calls to poll() was longer than the configured max.poll.interval.ms, which typically implies that the poll loop is spending too much time message processing. You can address this either by increasing the session timeout or by reducing the maximum size of batches returned in poll() with max.poll.records.
""2019-06-12 14:50:05 [org.springframework.kafka.KafkaListenerEndpointContainer#2-0-C-1] WARN  o.a.k.c.c.i.ConsumerCoordinator - [Consumer clientId=consumer-2, groupId=group_json] Asynchronous auto-commit of offsets {Kafka_Example_json-0=OffsetAndMetadata{offset=1, metadata=''}} failed: Commit cannot be completed since the group has already rebalanced and assigned the partitions to another member. This means that the time between subsequent calls to poll() was longer than the configured max.poll.interval.ms, which typically implies that the poll loop is spending too much time message processing. You can address this either by increasing the session timeout or by reducing the maximum size of batches returned in poll() with max.poll.records.
""2019-06-12 14:50:05 [org.springframework.kafka.KafkaListenerEndpointContainer#0-0-C-1] WARN  o.a.k.c.c.i.ConsumerCoordinator - [Consumer clientId=consumer-4, groupId=group_id] Synchronous auto-commit of offsets {Kafka_Example-0=OffsetAndMetadata{offset=0, metadata=''}} failed: Commit cannot be completed since the group has already rebalanced and assigned the partitions to another member. This means that the time between subsequent calls to poll() was longer than the configured max.poll.interval.ms, which typically implies that the poll loop is spending too much time message processing. You can address this either by increasing the session timeout or by reducing the maximum size of batches returned in poll() with max.poll.records.
""2019-06-12 14:50:05 [org.springframework.kafka.KafkaListenerEndpointContainer#2-0-C-1] WARN  o.a.k.c.c.i.ConsumerCoordinator - [Consumer clientId=consumer-2, groupId=group_json] Synchronous auto-commit of offsets {Kafka_Example_json-0=OffsetAndMetadata{offset=1, metadata=''}} failed: Commit cannot be completed since the group has already rebalanced and assigned the partitions to another member. This means that the time between subsequent calls to poll() was longer than the configured max.poll.interval.ms, which typically implies that the poll loop is spending too much time message processing. You can address this either by increasing the session timeout or by reducing the maximum size of batches returned in poll() with max.poll.records.
""2019-06-12 14:50:05 [org.springframework.kafka.KafkaListenerEndpointContainer#1-0-C-1] WARN  o.a.k.c.c.i.ConsumerCoordinator - [Consumer clientId=consumer-6, groupId=group_json1] Synchronous auto-commit of offsets {Kafka_Example_json-0=OffsetAndMetadata{offset=1, metadata=''}} failed: Commit cannot be completed since the group has already rebalanced and assigned the partitions to another member. This means that the time between subsequent calls to poll() was longer than the configured max.poll.interval.ms, which typically implies that the poll loop is spending too much time message processing. You can address this either by increasing the session timeout or by reducing the maximum size of batches returned in poll() with max.poll.records.
""2019-06-12 14:50:10 [org.springframework.kafka.KafkaListenerEndpointContainer#0-0-C-1] INFO  o.a.k.c.c.i.ConsumerCoordinator - [Consumer clientId=consumer-4, groupId=group_id] Revoking previously assigned partitions [Kafka_Example-0]
""2019-06-12 14:50:10 [org.springframework.kafka.KafkaListenerEndpointContainer#2-0-C-1] INFO  o.a.k.c.c.i.ConsumerCoordinator - [Consumer clientId=consumer-2, groupId=group_json] Revoking previously assigned partitions [Kafka_Example_json-0]
""2019-06-12 14:50:10 [org.springframework.kafka.KafkaListenerEndpointContainer#0-0-C-1] INFO  o.s.k.l.KafkaMessageListenerContainer - partitions revoked: [Kafka_Example-0]
""2019-06-12 14:50:10 [org.springframework.kafka.KafkaListenerEndpointContainer#0-0-C-1] INFO  o.a.k.c.c.i.AbstractCoordinator - [Consumer clientId=consumer-4, groupId=group_id] (Re-)joining group
""2019-06-12 14:50:10 [org.springframework.kafka.KafkaListenerEndpointContainer#2-0-C-1] INFO  o.s.k.l.KafkaMessageListenerContainer - partitions revoked: [Kafka_Example_json-0]
""2019-06-12 14:50:10 [org.springframework.kafka.KafkaListenerEndpointContainer#2-0-C-1] INFO  o.a.k.c.c.i.AbstractCoordinator - [Consumer clientId=consumer-2, groupId=group_json] (Re-)joining group
""2019-06-12 14:50:10 [org.springframework.kafka.KafkaListenerEndpointContainer#1-0-C-1] INFO  o.a.k.c.c.i.ConsumerCoordinator - [Consumer clientId=consumer-6, groupId=group_json1] Revoking previously assigned partitions [Kafka_Example_json-0]
""2019-06-12 14:50:10 [org.springframework.kafka.KafkaListenerEndpointContainer#1-0-C-1] INFO  o.s.k.l.KafkaMessageListenerContainer - partitions revoked: [Kafka_Example_json-0]
""2019-06-12 14:50:10 [org.springframework.kafka.KafkaListenerEndpointContainer#1-0-C-1] INFO  o.a.k.c.c.i.AbstractCoordinator - [Consumer clientId=consumer-6, groupId=group_json1] (Re-)joining group
""2019-06-12 14:50:10 [org.springframework.kafka.KafkaListenerEndpointContainer#0-0-C-1] INFO  o.a.k.c.c.i.AbstractCoordinator - [Consumer clientId=consumer-4, groupId=group_id] Successfully joined group with generation 13
""2019-06-12 14:50:10 [org.springframework.kafka.KafkaListenerEndpointContainer#0-0-C-1] INFO  o.a.k.c.c.i.ConsumerCoordinator - [Consumer clientId=consumer-4, groupId=group_id] Setting newly assigned partitions [Kafka_Example-0]
""2019-06-12 14:50:10 [org.springframework.kafka.KafkaListenerEndpointContainer#2-0-C-1] INFO  o.a.k.c.c.i.AbstractCoordinator - [Consumer clientId=consumer-2, groupId=group_json] Successfully joined group with generation 13
""2019-06-12 14:50:10 [org.springframework.kafka.KafkaListenerEndpointContainer#2-0-C-1] INFO  o.a.k.c.c.i.ConsumerCoordinator - [Consumer clientId=consumer-2, groupId=group_json] Setting newly assigned partitions [Kafka_Example_json-0]
""2019-06-12 14:50:10 [org.springframework.kafka.KafkaListenerEndpointContainer#0-0-C-1] INFO  o.s.k.l.KafkaMessageListenerContainer - partitions assigned: [Kafka_Example-0]
""2019-06-12 14:50:10 [org.springframework.kafka.KafkaListenerEndpointContainer#1-0-C-1] INFO  o.a.k.c.c.i.AbstractCoordinator - [Consumer clientId=consumer-6, groupId=group_json1] Successfully joined group with generation 13
""2019-06-12 14:50:10 [org.springframework.kafka.KafkaListenerEndpointContainer#1-0-C-1] INFO  o.a.k.c.c.i.ConsumerCoordinator - [Consumer clientId=consumer-6, groupId=group_json1] Setting newly assigned partitions [Kafka_Example_json-0]
""2019-06-12 14:50:10 [org.springframework.kafka.KafkaListenerEndpointContainer#2-0-C-1] INFO  o.s.k.l.KafkaMessageListenerContainer - partitions assigned: [Kafka_Example_json-0]
""2019-06-12 14:50:10 [org.springframework.kafka.KafkaListenerEndpointContainer#1-0-C-1] INFO  o.s.k.l.KafkaMessageListenerContainer - partitions assigned: [Kafka_Example_json-0]
""2019-06-12 14:53:41 [AsyncResolver-bootstrap-executor-0] INFO  c.n.d.s.r.aws.ConfigClusterResolver - Resolving eureka endpoints via configuration
""2019-06-12 14:58:41 [AsyncResolver-bootstrap-executor-0] INFO  c.n.d.s.r.aws.ConfigClusterResolver - Resolving eureka endpoints via configuration
""2019-06-12 15:03:41 [AsyncResolver-bootstrap-executor-0] INFO  c.n.d.s.r.aws.ConfigClusterResolver - Resolving eureka endpoints via configuration
""2019-06-12 15:08:41 [AsyncResolver-bootstrap-executor-0] INFO  c.n.d.s.r.aws.ConfigClusterResolver - Resolving eureka endpoints via configuration
""2019-06-12 15:13:41 [AsyncResolver-bootstrap-executor-0] INFO  c.n.d.s.r.aws.ConfigClusterResolver - Resolving eureka endpoints via configuration
""2019-06-12 15:18:41 [AsyncResolver-bootstrap-executor-0] INFO  c.n.d.s.r.aws.ConfigClusterResolver - Resolving eureka endpoints via configuration
""2019-06-12 15:23:41 [AsyncResolver-bootstrap-executor-0] INFO  c.n.d.s.r.aws.ConfigClusterResolver - Resolving eureka endpoints via configuration
""2019-06-12 15:28:41 [AsyncResolver-bootstrap-executor-0] INFO  c.n.d.s.r.aws.ConfigClusterResolver - Resolving eureka endpoints via configuration
""2019-06-12 15:33:41 [AsyncResolver-bootstrap-executor-0] INFO  c.n.d.s.r.aws.ConfigClusterResolver - Resolving eureka endpoints via configuration
""2019-06-12 15:38:41 [AsyncResolver-bootstrap-executor-0] INFO  c.n.d.s.r.aws.ConfigClusterResolver - Resolving eureka endpoints via configuration
""2019-06-12 15:43:41 [AsyncResolver-bootstrap-executor-0] INFO  c.n.d.s.r.aws.ConfigClusterResolver - Resolving eureka endpoints via configuration
""2019-06-12 15:48:41 [AsyncResolver-bootstrap-executor-0] INFO  c.n.d.s.r.aws.ConfigClusterResolver - Resolving eureka endpoints via configuration
""2019-06-12 15:53:41 [AsyncResolver-bootstrap-executor-0] INFO  c.n.d.s.r.aws.ConfigClusterResolver - Resolving eureka endpoints via configuration
""2019-06-12 15:58:41 [AsyncResolver-bootstrap-executor-0] INFO  c.n.d.s.r.aws.ConfigClusterResolver - Resolving eureka endpoints via configuration
""2019-06-12 16:03:41 [AsyncResolver-bootstrap-executor-0] INFO  c.n.d.s.r.aws.ConfigClusterResolver - Resolving eureka endpoints via configuration
""2019-06-12 16:08:41 [AsyncResolver-bootstrap-executor-0] INFO  c.n.d.s.r.aws.ConfigClusterResolver - Resolving eureka endpoints via configuration
""2019-06-12 16:13:41 [AsyncResolver-bootstrap-executor-0] INFO  c.n.d.s.r.aws.ConfigClusterResolver - Resolving eureka endpoints via configuration
""2019-06-12 16:18:41 [AsyncResolver-bootstrap-executor-0] INFO  c.n.d.s.r.aws.ConfigClusterResolver - Resolving eureka endpoints via configuration
""2019-06-12 16:23:41 [AsyncResolver-bootstrap-executor-0] INFO  c.n.d.s.r.aws.ConfigClusterResolver - Resolving eureka endpoints via configuration
""2019-06-12 16:28:41 [AsyncResolver-bootstrap-executor-0] INFO  c.n.d.s.r.aws.ConfigClusterResolver - Resolving eureka endpoints via configuration
""2019-06-12 16:33:41 [AsyncResolver-bootstrap-executor-0] INFO  c.n.d.s.r.aws.ConfigClusterResolver - Resolving eureka endpoints via configuration
""2019-06-12 16:38:41 [AsyncResolver-bootstrap-executor-0] INFO  c.n.d.s.r.aws.ConfigClusterResolver - Resolving eureka endpoints via configuration
""2019-06-12 16:43:41 [AsyncResolver-bootstrap-executor-0] INFO  c.n.d.s.r.aws.ConfigClusterResolver - Resolving eureka endpoints via configuration
""2019-06-12 16:48:41 [AsyncResolver-bootstrap-executor-0] INFO  c.n.d.s.r.aws.ConfigClusterResolver - Resolving eureka endpoints via configuration
""2019-06-12 16:53:41 [AsyncResolver-bootstrap-executor-0] INFO  c.n.d.s.r.aws.ConfigClusterResolver - Resolving eureka endpoints via configuration
""2019-06-12 16:58:41 [AsyncResolver-bootstrap-executor-0] INFO  c.n.d.s.r.aws.ConfigClusterResolver - Resolving eureka endpoints via configuration
""2019-06-12 17:03:41 [AsyncResolver-bootstrap-executor-0] INFO  c.n.d.s.r.aws.ConfigClusterResolver - Resolving eureka endpoints via configuration
""2019-06-12 17:08:41 [AsyncResolver-bootstrap-executor-0] INFO  c.n.d.s.r.aws.ConfigClusterResolver - Resolving eureka endpoints via configuration
""2019-06-12 17:13:41 [AsyncResolver-bootstrap-executor-0] INFO  c.n.d.s.r.aws.ConfigClusterResolver - Resolving eureka endpoints via configuration
""2019-06-12 17:18:41 [AsyncResolver-bootstrap-executor-0] INFO  c.n.d.s.r.aws.ConfigClusterResolver - Resolving eureka endpoints via configuration
""2019-06-12 17:23:41 [AsyncResolver-bootstrap-executor-0] INFO  c.n.d.s.r.aws.ConfigClusterResolver - Resolving eureka endpoints via configuration
""2019-06-12 17:28:41 [AsyncResolver-bootstrap-executor-0] INFO  c.n.d.s.r.aws.ConfigClusterResolver - Resolving eureka endpoints via configuration
""2019-06-12 17:33:41 [AsyncResolver-bootstrap-executor-0] INFO  c.n.d.s.r.aws.ConfigClusterResolver - Resolving eureka endpoints via configuration
""2019-06-12 17:38:41 [AsyncResolver-bootstrap-executor-0] INFO  c.n.d.s.r.aws.ConfigClusterResolver - Resolving eureka endpoints via configuration
""2019-06-12 17:43:41 [AsyncResolver-bootstrap-executor-0] INFO  c.n.d.s.r.aws.ConfigClusterResolver - Resolving eureka endpoints via configuration
""2019-06-12 17:48:41 [AsyncResolver-bootstrap-executor-0] INFO  c.n.d.s.r.aws.ConfigClusterResolver - Resolving eureka endpoints via configuration
""2019-06-12 17:53:41 [AsyncResolver-bootstrap-executor-0] INFO  c.n.d.s.r.aws.ConfigClusterResolver - Resolving eureka endpoints via configuration
""2019-06-12 17:58:41 [AsyncResolver-bootstrap-executor-0] INFO  c.n.d.s.r.aws.ConfigClusterResolver - Resolving eureka endpoints via configuration
""2019-06-12 18:03:41 [AsyncResolver-bootstrap-executor-0] INFO  c.n.d.s.r.aws.ConfigClusterResolver - Resolving eureka endpoints via configuration
""2019-06-12 18:08:41 [AsyncResolver-bootstrap-executor-0] INFO  c.n.d.s.r.aws.ConfigClusterResolver - Resolving eureka endpoints via configuration
""2019-06-12 18:13:41 [AsyncResolver-bootstrap-executor-0] INFO  c.n.d.s.r.aws.ConfigClusterResolver - Resolving eureka endpoints via configuration
""2019-06-12 18:18:41 [AsyncResolver-bootstrap-executor-0] INFO  c.n.d.s.r.aws.ConfigClusterResolver - Resolving eureka endpoints via configuration
""2019-06-12 18:23:41 [AsyncResolver-bootstrap-executor-0] INFO  c.n.d.s.r.aws.ConfigClusterResolver - Resolving eureka endpoints via configuration
""2019-06-12 18:28:41 [AsyncResolver-bootstrap-executor-0] INFO  c.n.d.s.r.aws.ConfigClusterResolver - Resolving eureka endpoints via configuration
""2019-06-12 18:33:41 [AsyncResolver-bootstrap-executor-0] INFO  c.n.d.s.r.aws.ConfigClusterResolver - Resolving eureka endpoints via configuration
""2019-06-12 18:38:41 [AsyncResolver-bootstrap-executor-0] INFO  c.n.d.s.r.aws.ConfigClusterResolver - Resolving eureka endpoints via configuration
""2019-06-12 18:43:41 [AsyncResolver-bootstrap-executor-0] INFO  c.n.d.s.r.aws.ConfigClusterResolver - Resolving eureka endpoints via configuration
""2019-06-12 18:48:41 [AsyncResolver-bootstrap-executor-0] INFO  c.n.d.s.r.aws.ConfigClusterResolver - Resolving eureka endpoints via configuration
""2019-06-12 18:53:41 [AsyncResolver-bootstrap-executor-0] INFO  c.n.d.s.r.aws.ConfigClusterResolver - Resolving eureka endpoints via configuration
""2019-06-12 18:58:41 [AsyncResolver-bootstrap-executor-0] INFO  c.n.d.s.r.aws.ConfigClusterResolver - Resolving eureka endpoints via configuration
""2019-06-12 19:03:41 [AsyncResolver-bootstrap-executor-0] INFO  c.n.d.s.r.aws.ConfigClusterResolver - Resolving eureka endpoints via configuration
""2019-06-12 19:08:41 [AsyncResolver-bootstrap-executor-0] INFO  c.n.d.s.r.aws.ConfigClusterResolver - Resolving eureka endpoints via configuration
""2019-06-12 19:13:41 [AsyncResolver-bootstrap-executor-0] INFO  c.n.d.s.r.aws.ConfigClusterResolver - Resolving eureka endpoints via configuration
""2019-06-12 19:18:41 [AsyncResolver-bootstrap-executor-0] INFO  c.n.d.s.r.aws.ConfigClusterResolver - Resolving eureka endpoints via configuration
""2019-06-12 19:23:41 [AsyncResolver-bootstrap-executor-0] INFO  c.n.d.s.r.aws.ConfigClusterResolver - Resolving eureka endpoints via configuration
"